<?xml version="1.0" encoding="UTF-8"?>
<!-- Generated by org.testng.reporters.JUnitXMLReporter -->
<testsuite hostname="Mudassir-HP" ignored="0" name="Amazon Project Test Cases" tests="2" failures="0" timestamp="2020-05-26T16:37:56 IST" time="24.111" errors="0">
  <testcase name="PageTitleTest" time="0.041" classname="com.qa.amazon.testCases.LoginPageTest"/>
  <testcase name="validateErrorMessageTest" time="6.047" classname="com.qa.amazon.testCases.LoginPageTest"/>
</testsuite> <!-- Amazon Project Test Cases -->
